<?xml version="1.0" encoding="UTF-8"?>
<!-- Generated by org.testng.reporters.JUnitReportReporter -->
<testsuite hostname="12-M-FVFHN778Q05N" failures="0" tests="6" name="TestNg.FirstTest" time="23.484" errors="0" timestamp="2025-01-29T15:07:35 IST" skipped="0">
  <testcase classname="TestNg.FirstTest" name="openApp" time="3.440"/>
  <testcase classname="TestNg.FirstTest" name="searchProduct" time="3.050"/>
  <testcase classname="TestNg.FirstTest" name="openPDP" time="2.232"/>
  <testcase classname="TestNg.FirstTest" name="addToBag" time="4.191"/>
  <testcase classname="TestNg.FirstTest" name="verifyCart" time="0.405"/>
  <testcase classname="TestNg.FirstTest" name="quitApp" time="10.166"/>
</testsuite> <!-- TestNg.FirstTest -->
