<?xml version="1.0" encoding="UTF-8"?>
<!-- Generated by org.testng.reporters.JUnitReportReporter -->
<testsuite hostname="12-M-FVFHN778Q05N" failures="0" tests="1" name="day1.TestngTest" time="0.004" errors="0" timestamp="2025-01-29T15:07:35 IST" skipped="0">
  <testcase classname="day1.TestngTest" name="test" time="0.004"/>
</testsuite> <!-- day1.TestngTest -->
