<?xml version="1.0" encoding="UTF-8"?>
<!-- Generated by org.testng.reporters.JUnitReportReporter -->
<testsuite hostname="12-M-FVFHN778Q05N" failures="0" tests="3" name="Assignment.TestCase" time="4.460" errors="0" timestamp="2025-01-30T18:07:35 IST" skipped="0">
  <testcase classname="Assignment.TestCase" name="searchingProduct" time="0.426"/>
  <testcase classname="Assignment.TestCase" name="addToCart" time="2.254"/>
  <testcase classname="Assignment.TestCase" name="verifyProduct" time="1.780"/>
</testsuite> <!-- Assignment.TestCase -->
